C:\USERS\JAMES_000\GITHUB\DATALOGGER\GUI\VC_MSW\DATALOGGER\DATALOGGER.OBJ
C:\USERS\JAMES_000\GITHUB\DATALOGGER\GUI\VC_MSW\DATALOGGER.PDB
C:\USERS\JAMES_000\GITHUB\DATALOGGER\GUI\VC_MSW\DATALOGGER.EXE
C:\USERS\JAMES_000\GITHUB\DATALOGGER\GUI\VC_MSW\DATALOGGER\SAMPLE.RES
C:\Users\james_000\Github\datalogger\gui\vc_msw\datalogger\datalogger.obj
C:\Users\james_000\Github\datalogger\gui\vc_msw\datalogger\rs232.obj
C:\Users\james_000\Github\datalogger\gui\vc_msw\datalogger\cl.command.1.tlog
C:\Users\james_000\Github\datalogger\gui\vc_msw\datalogger\CL.read.1.tlog
C:\Users\james_000\Github\datalogger\gui\vc_msw\datalogger\CL.write.1.tlog
C:\Users\james_000\Github\datalogger\gui\vc_msw\datalogger\link-cvtres.read.1.tlog
C:\Users\james_000\Github\datalogger\gui\vc_msw\datalogger\link-cvtres.write.1.tlog
C:\Users\james_000\Github\datalogger\gui\vc_msw\datalogger\link-rc.read.1.tlog
C:\Users\james_000\Github\datalogger\gui\vc_msw\datalogger\link-rc.write.1.tlog
C:\Users\james_000\Github\datalogger\gui\vc_msw\datalogger\link.command.1.tlog
C:\Users\james_000\Github\datalogger\gui\vc_msw\datalogger\link.read.1.tlog
C:\Users\james_000\Github\datalogger\gui\vc_msw\datalogger\link.write.1.tlog
C:\Users\james_000\Github\datalogger\gui\vc_msw\datalogger\rc.command.1.tlog
C:\Users\james_000\Github\datalogger\gui\vc_msw\datalogger\rc.read.1.tlog
C:\Users\james_000\Github\datalogger\gui\vc_msw\datalogger\rc.write.1.tlog
C:\Users\james_000\Github\datalogger\gui\vc_msw\datalogger\sample.res
C:\Users\james_000\Github\datalogger\gui\.\vc_msw\datalogger.exe
